
    Method: GET
    URL: /block
    Date: 2024-04-26
    Time: 19:05:15
    Success: false
    Status: 404 (Not Found)
    Error: Can't find the resource at /block on this server!
    


    Method: GET
    URL: /block/255
    Date: 2024-04-26
    Time: 19:05:37
    Success: false
    Status: 404 (Not Found)
    Error: Can't find the resource at /block/255 on this server!
    


    Method: GET
    URL: /blockaz/
    Date: 2024-04-26
    Time: 19:06:14
    Success: false
    Status: 404 (Not Found)
    Error: Can't find the resource at /blockaz/ on this server!
    

